<?xml version="1.0" encoding="UTF-8"?>
<!-- Generated by org.testng.reporters.JUnitReportReporter -->
<testsuite hostname="DESKTOP-TS8DG7F" failures="0" tests="3" name="com.romanceabroad.ui.SearchTests" time="262.215" errors="0" timestamp="2021-01-01T12:05:38 PST" skipped="1">
  <testcase classname="com.romanceabroad.ui.SearchTests" name="selectRandomDropDownListTestCase1" time="246.559"/>
  <system-out/>
  <testcase classname="com.romanceabroad.ui.SearchTests" name="testSearchPageTestCase3" time="15.656"/>
  <system-out/>
  <testcase classname="com.romanceabroad.ui.SearchTests" name="verificationsTestCase2">
    <skipped/>
  </testcase> <!-- verificationsTestCase2 -->
  <system-out/>
</testsuite> <!-- com.romanceabroad.ui.SearchTests -->
